#
# There is insufficient memory for the Java Runtime Environment to continue.
# Native memory allocation (malloc) failed to allocate 268656 bytes for Chunk::new
# Possible reasons:
#   The system is out of physical RAM or swap space
#   The process is running with CompressedOops enabled, and the Java Heap may be blocking the growth of the native heap
# Possible solutions:
#   Reduce memory load on the system
#   Increase physical memory or swap space
#   Check if swap backing store is full
#   Decrease Java heap size (-Xmx/-Xms)
#   Decrease number of Java threads
#   Decrease Java thread stack sizes (-Xss)
#   Set larger code cache with -XX:ReservedCodeCacheSize=
#   JVM is running with Unscaled Compressed Oops mode in which the Java heap is
#     placed in the first 4GB address space. The Java Heap base address is the
#     maximum limit for the native heap growth. Please use -XX:HeapBaseMinAddress
#     to set the Java Heap base and to place the Java Heap above 4GB virtual address.
# This output file may be truncated or incomplete.
#
#  Out of Memory Error (arena.cpp:189), pid=6656, tid=5492
#
# JRE version: Java(TM) SE Runtime Environment (17.0.2+8) (build 17.0.2+8-LTS-86)
# Java VM: Java HotSpot(TM) 64-Bit Server VM (17.0.2+8-LTS-86, mixed mode, sharing, tiered, compressed oops, compressed class ptrs, g1 gc, windows-amd64)
# No core dump will be written. Minidumps are not enabled by default on client versions of Windows
#

---------------  S U M M A R Y ------------

Command Line: -ea -Dfile.encoding=Cp1252 -XX:+ShowCodeDetailsInExceptionMessages org.testng.remote.RemoteTestNG -serport 58230 -protocol json -d C:\Users\hp\eclipse-workspace\myproject1\test-output C:\Users\hp\eclipse-workspace\myproject1\testng1.xml

Host: Intel(R) Core(TM) i3-3110M CPU @ 2.40GHz, 4 cores, 3G,  Windows 7 , 64 bit Build 7601 (6.1.7601.24384)
Time: Sat Jun  3 22:33:04 2023 India Standard Time elapsed time: 38.516279 seconds (0d 0h 0m 38s)

---------------  T H R E A D  ---------------

Current thread (0x000000001e1dc2d0):  JavaThread "C2 CompilerThread0" daemon [_thread_in_native, id=5492, stack(0x000000001fae0000,0x000000001fbe0000)]


Current CompileTask:
C2:  38516 2598   !   4       jdk.internal.loader.BuiltinClassLoader::loadClassOrNull (143 bytes)

Stack: [0x000000001fae0000,0x000000001fbe0000]
Native frames: (J=compiled Java code, j=interpreted, Vv=VM code, C=native code)
V  [jvm.dll+0x670baa]
V  [jvm.dll+0x7cfcb4]
V  [jvm.dll+0x7d145e]
V  [jvm.dll+0x7d1ac3]
V  [jvm.dll+0x242bc5]
V  [jvm.dll+0xaa57b]
V  [jvm.dll+0xaab0c]
V  [jvm.dll+0x55b253]
V  [jvm.dll+0x32a360]
V  [jvm.dll+0x3297da]
V  [jvm.dll+0x215c91]
V  [jvm.dll+0x2150b1]
V  [jvm.dll+0x1a1bbd]
V  [jvm.dll+0x224908]
V  [jvm.dll+0x222a6c]
V  [jvm.dll+0x7859bb]
V  [jvm.dll+0x77ff7a]
V  [jvm.dll+0x66fa35]
C  [ucrtbase.DLL+0x1d912]
C  [kernel32.dll+0x1570d]
C  [ntdll.dll+0x5385d]


---------------  P R O C E S S  ---------------

Threads class SMR info:
_java_thread_list=0x0000000020ece0f0, length=46, elements={
0x00000000003c8fc0, 0x000000001e1b9080, 0x000000001e1bbc40, 0x000000001e1cfd10,
0x000000001e1d0730, 0x000000001e1d2510, 0x000000001e1db630, 0x000000001e1dc2d0,
0x000000001e1dd790, 0x000000001e1de090, 0x000000001fccd120, 0x000000001fce4a60,
0x00000000209dfc20, 0x0000000020b64b70, 0x0000000021642240, 0x0000000021642710,
0x000000002165c790, 0x000000002165d460, 0x0000000021665e60, 0x0000000021666330,
0x0000000021666800, 0x0000000021666cd0, 0x00000000216671a0, 0x0000000021667670,
0x0000000021667b40, 0x0000000021668010, 0x00000000216684e0, 0x00000000216689b0,
0x0000000021668e80, 0x0000000021669350, 0x0000000021669820, 0x0000000021f46000,
0x0000000021f464d0, 0x0000000021f469a0, 0x0000000021f46e70, 0x0000000021f47340,
0x0000000021f47810, 0x0000000021f47ce0, 0x0000000021f48680, 0x0000000021f48b50,
0x0000000021f49020, 0x0000000021f481b0, 0x0000000021f494f0, 0x0000000021f499c0,
0x0000000021fd9460, 0x0000000021fd9930
}

Java Threads: ( => current thread )
  0x00000000003c8fc0 JavaThread "main" [_thread_blocked, id=6820, stack(0x00000000020c0000,0x00000000021c0000)]
  0x000000001e1b9080 JavaThread "Reference Handler" daemon [_thread_blocked, id=6368, stack(0x000000001f050000,0x000000001f150000)]
  0x000000001e1bbc40 JavaThread "Finalizer" daemon [_thread_blocked, id=7344, stack(0x000000001f1a0000,0x000000001f2a0000)]
  0x000000001e1cfd10 JavaThread "Signal Dispatcher" daemon [_thread_blocked, id=3784, stack(0x000000001f3b0000,0x000000001f4b0000)]
  0x000000001e1d0730 JavaThread "Attach Listener" daemon [_thread_blocked, id=3616, stack(0x000000001f600000,0x000000001f700000)]
  0x000000001e1d2510 JavaThread "Service Thread" daemon [_thread_blocked, id=2224, stack(0x000000001f870000,0x000000001f970000)]
  0x000000001e1db630 JavaThread "Monitor Deflation Thread" daemon [_thread_blocked, id=3172, stack(0x000000001f730000,0x000000001f830000)]
=>0x000000001e1dc2d0 JavaThread "C2 CompilerThread0" daemon [_thread_in_native, id=5492, stack(0x000000001fae0000,0x000000001fbe0000)]
  0x000000001e1dd790 JavaThread "C1 CompilerThread0" daemon [_thread_blocked, id=8036, stack(0x000000001f500000,0x000000001f600000)]
  0x000000001e1de090 JavaThread "Sweeper thread" daemon [_thread_blocked, id=2132, stack(0x000000001f980000,0x000000001fa80000)]
  0x000000001fccd120 JavaThread "Notification Thread" daemon [_thread_blocked, id=4356, stack(0x0000000020100000,0x0000000020200000)]
  0x000000001fce4a60 JavaThread "Common-Cleaner" daemon [_thread_blocked, id=5320, stack(0x0000000020380000,0x0000000020480000)]
  0x00000000209dfc20 JavaThread "ReaderThread" [_thread_in_native, id=3716, stack(0x0000000022770000,0x0000000022870000)]
  0x0000000020b64b70 JavaThread "ForkJoinPool.commonPool-worker-1" daemon [_thread_blocked, id=3780, stack(0x00000000204f0000,0x00000000205f0000)]
  0x0000000021642240 JavaThread "ForkJoinPool.commonPool-worker-2" daemon [_thread_blocked, id=664, stack(0x0000000022a00000,0x0000000022b00000)]
  0x0000000021642710 JavaThread "ForkJoinPool.commonPool-worker-3" daemon [_thread_blocked, id=7716, stack(0x0000000022c00000,0x0000000022d00000)]
  0x000000002165c790 JavaThread "Forwarding get on session 664a2d4b40afc9d19b77ec831e7d7a45 to remote" [_thread_blocked, id=4076, stack(0x0000000022e70000,0x0000000022f70000)]
  0x000000002165d460 JavaThread "Forwarding get on session d27058478e9787728ffa4220c1ac8d39 to remote" [_thread_blocked, id=4572, stack(0x00000000230a0000,0x00000000231a0000)]
  0x0000000021665e60 JavaThread "Forwarding get on session 94f48d51b025310757486cdcdc5b5734 to remote" [_thread_blocked, id=1868, stack(0x0000000023250000,0x0000000023350000)]
  0x0000000021666330 JavaThread "AsyncHttpClient-1-1" daemon [_thread_blocked, id=7908, stack(0x0000000024e40000,0x0000000024f40000)]
  0x0000000021666800 JavaThread "Exec Default Executor" daemon [_thread_in_native, id=6212, stack(0x0000000023c30000,0x0000000023d30000)]
  0x0000000021666cd0 JavaThread "Exec Default Executor" daemon [_thread_in_native, id=7616, stack(0x00000000258b0000,0x00000000259b0000)]
  0x00000000216671a0 JavaThread "Exec Default Executor" daemon [_thread_in_native, id=7880, stack(0x0000000025aa0000,0x0000000025ba0000)]
  0x0000000021667670 JavaThread "Driver Service Executor" daemon [_thread_blocked, id=5152, stack(0x0000000022f90000,0x0000000023090000)]
  0x0000000021667b40 JavaThread "Driver Service Executor" daemon [_thread_blocked, id=5248, stack(0x0000000022d60000,0x0000000022e60000)]
  0x0000000021668010 JavaThread "Driver Service Executor" daemon [_thread_blocked, id=6252, stack(0x0000000025cc0000,0x0000000025dc0000)]
  0x00000000216684e0 JavaThread "Driver Service Executor" daemon [_thread_blocked, id=188, stack(0x0000000025f40000,0x0000000026040000)]
  0x00000000216689b0 JavaThread "Driver Service Executor" daemon [_thread_blocked, id=6160, stack(0x0000000025dc0000,0x0000000025ec0000)]
  0x0000000021668e80 JavaThread "Driver Service Executor" daemon [_thread_blocked, id=2752, stack(0x0000000026070000,0x0000000026170000)]
  0x0000000021669350 JavaThread "Exec Stream Pumper" daemon [_thread_in_native, id=5352, stack(0x0000000022b00000,0x0000000022c00000)]
  0x0000000021669820 JavaThread "Exec Stream Pumper" daemon [_thread_in_native, id=6584, stack(0x0000000026280000,0x0000000026380000)]
  0x0000000021f46000 JavaThread "UrlChecker-2" daemon [_thread_blocked, id=7696, stack(0x0000000026470000,0x0000000026570000)]
  0x0000000021f464d0 JavaThread "Exec Stream Pumper" daemon [_thread_in_native, id=7216, stack(0x0000000026630000,0x0000000026730000)]
  0x0000000021f469a0 JavaThread "Exec Stream Pumper" daemon [_thread_in_native, id=8156, stack(0x0000000026770000,0x0000000026870000)]
  0x0000000021f46e70 JavaThread "Exec Stream Pumper" daemon [_thread_in_native, id=7704, stack(0x0000000026930000,0x0000000026a30000)]
  0x0000000021f47340 JavaThread "Exec Stream Pumper" daemon [_thread_in_native, id=3208, stack(0x0000000026af0000,0x0000000026bf0000)]
  0x0000000021f47810 JavaThread "UrlChecker-3" daemon [_thread_blocked, id=5164, stack(0x0000000026d90000,0x0000000026e90000)]
  0x0000000021f47ce0 JavaThread "UrlChecker-4" daemon [_thread_blocked, id=656, stack(0x0000000026ec0000,0x0000000026fc0000)]
  0x0000000021f48680 JavaThread "AsyncHttpClient-1-2" daemon [_thread_in_native, id=4992, stack(0x0000000027300000,0x0000000027400000)]
  0x0000000021f48b50 JavaThread "AsyncHttpClient-1-3" daemon [_thread_in_native, id=1140, stack(0x0000000027500000,0x0000000027600000)]
  0x0000000021f49020 JavaThread "AsyncHttpClient-1-4" daemon [_thread_in_native, id=7252, stack(0x0000000027640000,0x0000000027740000)]
  0x0000000021f481b0 JavaThread "AsyncHttpClient-1-5" daemon [_thread_in_native, id=8232, stack(0x000000002a980000,0x000000002aa80000)]
  0x0000000021f494f0 JavaThread "AsyncHttpClient-1-6" daemon [_thread_in_native, id=8236, stack(0x0000000027790000,0x0000000027890000)]
  0x0000000021f499c0 JavaThread "AsyncHttpClient-1-7" daemon [_thread_in_native, id=8240, stack(0x000000002bbe0000,0x000000002bce0000)]
  0x0000000021fd9460 JavaThread "AsyncHttpClient-1-8" daemon [_thread_in_native, id=8248, stack(0x000000002dd60000,0x000000002de60000)]
  0x0000000021fd9930 JavaThread "AsyncHttpClient-1-9" daemon [_thread_in_native, id=8252, stack(0x000000002bac0000,0x000000002bbc0000)]

Other Threads:
  0x000000001e1b2220 VMThread "VM Thread" [stack: 0x000000001e700000,0x000000001e800000] [id=5592]
  0x000000001fcdedf0 WatcherThread [stack: 0x0000000020230000,0x0000000020330000] [id=5132]
  0x00000000004022b0 GCTaskThread "GC Thread#0" [stack: 0x000000001b8e0000,0x000000001b9e0000] [id=5188]
  0x000000002092c2a0 GCTaskThread "GC Thread#1" [stack: 0x0000000021090000,0x0000000021190000] [id=5204]
  0x0000000020939ea0 GCTaskThread "GC Thread#2" [stack: 0x0000000021200000,0x0000000021300000] [id=5992]
  0x0000000020e661c0 GCTaskThread "GC Thread#3" [stack: 0x00000000228c0000,0x00000000229c0000] [id=6644]
  0x000000000040ce00 ConcurrentGCThread "G1 Main Marker" [stack: 0x000000001ba00000,0x000000001bb00000] [id=6756]
  0x000000000040d720 ConcurrentGCThread "G1 Conc#0" [stack: 0x000000001bba0000,0x000000001bca0000] [id=7592]
  0x000000000043f1b0 ConcurrentGCThread "G1 Refine#0" [stack: 0x000000001e350000,0x000000001e450000] [id=8028]
  0x000000001e0f6960 ConcurrentGCThread "G1 Service" [stack: 0x000000001e250000,0x000000001e350000] [id=5160]

Threads with active compile tasks:
C2 CompilerThread0    49121 2598   !   4       jdk.internal.loader.BuiltinClassLoader::loadClassOrNull (143 bytes)

VM state: not at safepoint (normal execution)

VM Mutex/Monitor currently owned by a thread: None

Heap address: 0x00000000c1800000, size: 1000 MB, Compressed Oops mode: 32-bit

CDS archive(s) mapped at: [0x0000000800000000-0x0000000800bc0000-0x0000000800bc0000), size 12320768, SharedBaseAddress: 0x0000000800000000, ArchiveRelocationMode: 0.
Compressed class space mapped at: 0x0000000800c00000-0x0000000840c00000, reserved size: 1073741824
Narrow klass base: 0x0000000800000000, Narrow klass shift: 0, Narrow klass range: 0x100000000

GC Precious Log:
 CPUs: 4 total, 4 available
 Memory: 3994M
 Large Page Support: Disabled
 NUMA Support: Disabled
 Compressed Oops: Enabled (32-bit)
 Heap Region Size: 1M
 Heap Min Capacity: 8M
 Heap Initial Capacity: 64M
 Heap Max Capacity: 1000M
 Pre-touch: Disabled
 Parallel Workers: 4
 Concurrent Workers: 1
 Concurrent Refinement Workers: 4
 Periodic GC: Disabled

Heap:
 garbage-first heap   total 124928K, used 83037K [0x00000000c1800000, 0x0000000100000000)
  region size 1024K, 14 young (14336K), 3 survivors (3072K)
 Metaspace       used 24687K, committed 25024K, reserved 1073152K
  class space    used 3152K, committed 3328K, reserved 1048576K

Heap Regions: E=young(eden), S=young(survivor), O=old, HS=humongous(starts), HC=humongous(continues), CS=collection set, F=free, OA=open archive, CA=closed archive, TAMS=top-at-mark-start (previous, next)
|   0|0x00000000c1800000, 0x00000000c1900000, 0x00000000c1900000|100%|HS|  |TAMS 0x00000000c1900000, 0x00000000c1800000| Complete 
|   1|0x00000000c1900000, 0x00000000c1a00000, 0x00000000c1a00000|100%|HS|  |TAMS 0x00000000c1a00000, 0x00000000c1900000| Complete 
|   2|0x00000000c1a00000, 0x00000000c1b00000, 0x00000000c1b00000|100%|HC|  |TAMS 0x00000000c1b00000, 0x00000000c1a00000| Complete 
|   3|0x00000000c1b00000, 0x00000000c1c00000, 0x00000000c1c00000|100%| O|  |TAMS 0x00000000c1c00000, 0x00000000c1b00000| Untracked 
|   4|0x00000000c1c00000, 0x00000000c1d00000, 0x00000000c1d00000|100%| O|  |TAMS 0x00000000c1d00000, 0x00000000c1c00000| Untracked 
|   5|0x00000000c1d00000, 0x00000000c1e00000, 0x00000000c1e00000|100%| O|  |TAMS 0x00000000c1e00000, 0x00000000c1d00000| Untracked 
|   6|0x00000000c1e00000, 0x00000000c1f00000, 0x00000000c1f00000|100%| O|  |TAMS 0x00000000c1f00000, 0x00000000c1e00000| Untracked 
|   7|0x00000000c1f00000, 0x00000000c2000000, 0x00000000c2000000|100%| O|  |TAMS 0x00000000c2000000, 0x00000000c1f00000| Untracked 
|   8|0x00000000c2000000, 0x00000000c2100000, 0x00000000c2100000|100%| O|  |TAMS 0x00000000c2100000, 0x00000000c2000000| Untracked 
|   9|0x00000000c2100000, 0x00000000c2200000, 0x00000000c2200000|100%| O|  |TAMS 0x00000000c2200000, 0x00000000c2100000| Untracked 
|  10|0x00000000c2200000, 0x00000000c2300000, 0x00000000c2300000|100%| O|  |TAMS 0x00000000c2300000, 0x00000000c2200000| Untracked 
|  11|0x00000000c2300000, 0x00000000c2400000, 0x00000000c2400000|100%| O|  |TAMS 0x00000000c2400000, 0x00000000c2300000| Untracked 
|  12|0x00000000c2400000, 0x00000000c2500000, 0x00000000c2500000|100%| O|  |TAMS 0x00000000c2500000, 0x00000000c2400000| Untracked 
|  13|0x00000000c2500000, 0x00000000c2600000, 0x00000000c2600000|100%| O|  |TAMS 0x00000000c2600000, 0x00000000c2500000| Untracked 
|  14|0x00000000c2600000, 0x00000000c2700000, 0x00000000c2700000|100%| O|  |TAMS 0x00000000c2700000, 0x00000000c2600000| Untracked 
|  15|0x00000000c2700000, 0x00000000c2800000, 0x00000000c2800000|100%| O|  |TAMS 0x00000000c2800000, 0x00000000c2700000| Untracked 
|  16|0x00000000c2800000, 0x00000000c2900000, 0x00000000c2900000|100%| O|  |TAMS 0x00000000c2900000, 0x00000000c2800000| Untracked 
|  17|0x00000000c2900000, 0x00000000c291d200, 0x00000000c2a00000| 11%| O|  |TAMS 0x00000000c291d200, 0x00000000c2900000| Untracked 
|  18|0x00000000c2a00000, 0x00000000c2b00000, 0x00000000c2b00000|100%|HS|  |TAMS 0x00000000c2b00000, 0x00000000c2a00000| Complete 
|  19|0x00000000c2b00000, 0x00000000c2c00000, 0x00000000c2c00000|100%|HC|  |TAMS 0x00000000c2c00000, 0x00000000c2b00000| Complete 
|  20|0x00000000c2c00000, 0x00000000c2d00000, 0x00000000c2d00000|100%|HC|  |TAMS 0x00000000c2d00000, 0x00000000c2c00000| Complete 
|  21|0x00000000c2d00000, 0x00000000c2e00000, 0x00000000c2e00000|100%|HC|  |TAMS 0x00000000c2e00000, 0x00000000c2d00000| Complete 
|  22|0x00000000c2e00000, 0x00000000c2f00000, 0x00000000c2f00000|100%|HC|  |TAMS 0x00000000c2f00000, 0x00000000c2e00000| Complete 
|  23|0x00000000c2f00000, 0x00000000c3000000, 0x00000000c3000000|100%|HC|  |TAMS 0x00000000c3000000, 0x00000000c2f00000| Complete 
|  24|0x00000000c3000000, 0x00000000c3100000, 0x00000000c3100000|100%|HC|  |TAMS 0x00000000c3100000, 0x00000000c3000000| Complete 
|  25|0x00000000c3100000, 0x00000000c3200000, 0x00000000c3200000|100%|HC|  |TAMS 0x00000000c3200000, 0x00000000c3100000| Complete 
|  26|0x00000000c3200000, 0x00000000c3300000, 0x00000000c3300000|100%|HC|  |TAMS 0x00000000c3300000, 0x00000000c3200000| Complete 
|  27|0x00000000c3300000, 0x00000000c3400000, 0x00000000c3400000|100%|HC|  |TAMS 0x00000000c3400000, 0x00000000c3300000| Complete 
|  28|0x00000000c3400000, 0x00000000c3500000, 0x00000000c3500000|100%|HC|  |TAMS 0x00000000c3500000, 0x00000000c3400000| Complete 
|  29|0x00000000c3500000, 0x00000000c3600000, 0x00000000c3600000|100%|HC|  |TAMS 0x00000000c3600000, 0x00000000c3500000| Complete 
|  30|0x00000000c3600000, 0x00000000c3700000, 0x00000000c3700000|100%|HC|  |TAMS 0x00000000c3700000, 0x00000000c3600000| Complete 
|  31|0x00000000c3700000, 0x00000000c3800000, 0x00000000c3800000|100%|HC|  |TAMS 0x00000000c3800000, 0x00000000c3700000| Complete 
|  32|0x00000000c3800000, 0x00000000c3900000, 0x00000000c3900000|100%|HC|  |TAMS 0x00000000c3900000, 0x00000000c3800000| Complete 
|  33|0x00000000c3900000, 0x00000000c3a00000, 0x00000000c3a00000|100%|HC|  |TAMS 0x00000000c3a00000, 0x00000000c3900000| Complete 
|  34|0x00000000c3a00000, 0x00000000c3b00000, 0x00000000c3b00000|100%|HC|  |TAMS 0x00000000c3b00000, 0x00000000c3a00000| Complete 
|  35|0x00000000c3b00000, 0x00000000c3c00000, 0x00000000c3c00000|100%|HS|  |TAMS 0x00000000c3b00000, 0x00000000c3b00000| Complete 
|  36|0x00000000c3c00000, 0x00000000c3d00000, 0x00000000c3d00000|100%|HC|  |TAMS 0x00000000c3c00000, 0x00000000c3c00000| Complete 
|  37|0x00000000c3d00000, 0x00000000c3e00000, 0x00000000c3e00000|100%|HC|  |TAMS 0x00000000c3d00000, 0x00000000c3d00000| Complete 
|  38|0x00000000c3e00000, 0x00000000c3f00000, 0x00000000c3f00000|100%|HC|  |TAMS 0x00000000c3e00000, 0x00000000c3e00000| Complete 
|  39|0x00000000c3f00000, 0x00000000c4000000, 0x00000000c4000000|100%|HC|  |TAMS 0x00000000c3f00000, 0x00000000c3f00000| Complete 
|  40|0x00000000c4000000, 0x00000000c4100000, 0x00000000c4100000|100%|HC|  |TAMS 0x00000000c4000000, 0x00000000c4000000| Complete 
|  41|0x00000000c4100000, 0x00000000c4200000, 0x00000000c4200000|100%|HC|  |TAMS 0x00000000c4100000, 0x00000000c4100000| Complete 
|  42|0x00000000c4200000, 0x00000000c4300000, 0x00000000c4300000|100%|HC|  |TAMS 0x00000000c4200000, 0x00000000c4200000| Complete 
|  43|0x00000000c4300000, 0x00000000c4400000, 0x00000000c4400000|100%|HC|  |TAMS 0x00000000c4300000, 0x00000000c4300000| Complete 
|  44|0x00000000c4400000, 0x00000000c4500000, 0x00000000c4500000|100%|HC|  |TAMS 0x00000000c4400000, 0x00000000c4400000| Complete 
|  45|0x00000000c4500000, 0x00000000c4600000, 0x00000000c4600000|100%|HC|  |TAMS 0x00000000c4500000, 0x00000000c4500000| Complete 
|  46|0x00000000c4600000, 0x00000000c4700000, 0x00000000c4700000|100%|HC|  |TAMS 0x00000000c4600000, 0x00000000c4600000| Complete 
|  47|0x00000000c4700000, 0x00000000c4800000, 0x00000000c4800000|100%|HC|  |TAMS 0x00000000c4700000, 0x00000000c4700000| Complete 
|  48|0x00000000c4800000, 0x00000000c4900000, 0x00000000c4900000|100%|HC|  |TAMS 0x00000000c4800000, 0x00000000c4800000| Complete 
|  49|0x00000000c4900000, 0x00000000c4a00000, 0x00000000c4a00000|100%|HC|  |TAMS 0x00000000c4900000, 0x00000000c4900000| Complete 
|  50|0x00000000c4a00000, 0x00000000c4b00000, 0x00000000c4b00000|100%|HC|  |TAMS 0x00000000c4a00000, 0x00000000c4a00000| Complete 
|  51|0x00000000c4b00000, 0x00000000c4c00000, 0x00000000c4c00000|100%|HC|  |TAMS 0x00000000c4b00000, 0x00000000c4b00000| Complete 
|  52|0x00000000c4c00000, 0x00000000c4c00000, 0x00000000c4d00000|  0%| F|  |TAMS 0x00000000c4c00000, 0x00000000c4c00000| Untracked 
|  53|0x00000000c4d00000, 0x00000000c4d00000, 0x00000000c4e00000|  0%| F|  |TAMS 0x00000000c4d00000, 0x00000000c4d00000| Untracked 
|  54|0x00000000c4e00000, 0x00000000c4e00000, 0x00000000c4f00000|  0%| F|  |TAMS 0x00000000c4e00000, 0x00000000c4e00000| Untracked 
|  55|0x00000000c4f00000, 0x00000000c4f00000, 0x00000000c5000000|  0%| F|  |TAMS 0x00000000c4f00000, 0x00000000c4f00000| Untracked 
|  56|0x00000000c5000000, 0x00000000c5000000, 0x00000000c5100000|  0%| F|  |TAMS 0x00000000c5000000, 0x00000000c5000000| Untracked 
|  57|0x00000000c5100000, 0x00000000c5100000, 0x00000000c5200000|  0%| F|  |TAMS 0x00000000c5100000, 0x00000000c5100000| Untracked 
|  58|0x00000000c5200000, 0x00000000c5200000, 0x00000000c5300000|  0%| F|  |TAMS 0x00000000c5200000, 0x00000000c5200000| Untracked 
|  59|0x00000000c5300000, 0x00000000c5300000, 0x00000000c5400000|  0%| F|  |TAMS 0x00000000c5300000, 0x00000000c5300000| Untracked 
|  60|0x00000000c5400000, 0x00000000c5400000, 0x00000000c5500000|  0%| F|  |TAMS 0x00000000c5400000, 0x00000000c5400000| Untracked 
|  61|0x00000000c5500000, 0x00000000c5500000, 0x00000000c5600000|  0%| F|  |TAMS 0x00000000c5500000, 0x00000000c5500000| Untracked 
|  62|0x00000000c5600000, 0x00000000c5600000, 0x00000000c5700000|  0%| F|  |TAMS 0x00000000c5600000, 0x00000000c5600000| Untracked 
|  63|0x00000000c5700000, 0x00000000c5700000, 0x00000000c5800000|  0%| F|  |TAMS 0x00000000c5700000, 0x00000000c5700000| Untracked 
|  64|0x00000000c5800000, 0x00000000c5800000, 0x00000000c5900000|  0%| F|  |TAMS 0x00000000c5800000, 0x00000000c5800000| Untracked 
|  65|0x00000000c5900000, 0x00000000c5900000, 0x00000000c5a00000|  0%| F|  |TAMS 0x00000000c5900000, 0x00000000c5900000| Untracked 
|  66|0x00000000c5a00000, 0x00000000c5afa558, 0x00000000c5b00000| 97%| S|CS|TAMS 0x00000000c5a00000, 0x00000000c5a00000| Complete 
|  67|0x00000000c5b00000, 0x00000000c5c00000, 0x00000000c5c00000|100%| S|CS|TAMS 0x00000000c5b00000, 0x00000000c5b00000| Complete 
|  68|0x00000000c5c00000, 0x00000000c5d00000, 0x00000000c5d00000|100%| S|CS|TAMS 0x00000000c5c00000, 0x00000000c5c00000| Complete 
|  69|0x00000000c5d00000, 0x00000000c5d00000, 0x00000000c5e00000|  0%| F|  |TAMS 0x00000000c5d00000, 0x00000000c5d00000| Untracked 
|  70|0x00000000c5e00000, 0x00000000c5e00000, 0x00000000c5f00000|  0%| F|  |TAMS 0x00000000c5e00000, 0x00000000c5e00000| Untracked 
|  71|0x00000000c5f00000, 0x00000000c5f00000, 0x00000000c6000000|  0%| F|  |TAMS 0x00000000c5f00000, 0x00000000c5f00000| Untracked 
|  72|0x00000000c6000000, 0x00000000c6000000, 0x00000000c6100000|  0%| F|  |TAMS 0x00000000c6000000, 0x00000000c6000000| Untracked 
|  73|0x00000000c6100000, 0x00000000c6100000, 0x00000000c6200000|  0%| F|  |TAMS 0x00000000c6100000, 0x00000000c6100000| Untracked 
|  74|0x00000000c6200000, 0x00000000c6200000, 0x00000000c6300000|  0%| F|  |TAMS 0x00000000c6200000, 0x00000000c6200000| Untracked 
|  75|0x00000000c6300000, 0x00000000c6300000, 0x00000000c6400000|  0%| F|  |TAMS 0x00000000c6300000, 0x00000000c6300000| Untracked 
|  76|0x00000000c6400000, 0x00000000c6500000, 0x00000000c6500000|100%| E|CS|TAMS 0x00000000c6400000, 0x00000000c6400000| Complete 
|  77|0x00000000c6500000, 0x00000000c6600000, 0x00000000c6600000|100%|HS|  |TAMS 0x00000000c6500000, 0x00000000c6500000| Complete 
|  78|0x00000000c6600000, 0x00000000c6700000, 0x00000000c6700000|100%|HC|  |TAMS 0x00000000c6600000, 0x00000000c6600000| Complete 
|  79|0x00000000c6700000, 0x00000000c6800000, 0x00000000c6800000|100%|HC|  |TAMS 0x00000000c6700000, 0x00000000c6700000| Complete 
|  80|0x00000000c6800000, 0x00000000c6900000, 0x00000000c6900000|100%|HC|  |TAMS 0x00000000c6800000, 0x00000000c6800000| Complete 
|  81|0x00000000c6900000, 0x00000000c6a00000, 0x00000000c6a00000|100%|HC|  |TAMS 0x00000000c6900000, 0x00000000c6900000| Complete 
|  82|0x00000000c6a00000, 0x00000000c6b00000, 0x00000000c6b00000|100%|HC|  |TAMS 0x00000000c6a00000, 0x00000000c6a00000| Complete 
|  83|0x00000000c6b00000, 0x00000000c6c00000, 0x00000000c6c00000|100%|HC|  |TAMS 0x00000000c6b00000, 0x00000000c6b00000| Complete 
|  84|0x00000000c6c00000, 0x00000000c6d00000, 0x00000000c6d00000|100%|HC|  |TAMS 0x00000000c6c00000, 0x00000000c6c00000| Complete 
|  85|0x00000000c6d00000, 0x00000000c6e00000, 0x00000000c6e00000|100%|HC|  |TAMS 0x00000000c6d00000, 0x00000000c6d00000| Complete 
|  86|0x00000000c6e00000, 0x00000000c6f00000, 0x00000000c6f00000|100%|HC|  |TAMS 0x00000000c6e00000, 0x00000000c6e00000| Complete 
|  87|0x00000000c6f00000, 0x00000000c7000000, 0x00000000c7000000|100%|HC|  |TAMS 0x00000000c6f00000, 0x00000000c6f00000| Complete 
|  88|0x00000000c7000000, 0x00000000c7100000, 0x00000000c7100000|100%|HC|  |TAMS 0x00000000c7000000, 0x00000000c7000000| Complete 
|  89|0x00000000c7100000, 0x00000000c7200000, 0x00000000c7200000|100%|HC|  |TAMS 0x00000000c7100000, 0x00000000c7100000| Complete 
|  90|0x00000000c7200000, 0x00000000c7300000, 0x00000000c7300000|100%|HC|  |TAMS 0x00000000c7200000, 0x00000000c7200000| Complete 
|  91|0x00000000c7300000, 0x00000000c7400000, 0x00000000c7400000|100%|HC|  |TAMS 0x00000000c7300000, 0x00000000c7300000| Complete 
|  92|0x00000000c7400000, 0x00000000c7500000, 0x00000000c7500000|100%|HC|  |TAMS 0x00000000c7400000, 0x00000000c7400000| Complete 
|  93|0x00000000c7500000, 0x00000000c7600000, 0x00000000c7600000|100%|HC|  |TAMS 0x00000000c7500000, 0x00000000c7500000| Complete 
|  94|0x00000000c7600000, 0x00000000c7600000, 0x00000000c7700000|  0%| F|  |TAMS 0x00000000c7600000, 0x00000000c7600000| Untracked 
|  95|0x00000000c7700000, 0x00000000c7700000, 0x00000000c7800000|  0%| F|  |TAMS 0x00000000c7700000, 0x00000000c7700000| Untracked 
|  96|0x00000000c7800000, 0x00000000c7800000, 0x00000000c7900000|  0%| F|  |TAMS 0x00000000c7800000, 0x00000000c7800000| Untracked 
|  97|0x00000000c7900000, 0x00000000c7900000, 0x00000000c7a00000|  0%| F|  |TAMS 0x00000000c7900000, 0x00000000c7900000| Untracked 
|  98|0x00000000c7a00000, 0x00000000c7a00000, 0x00000000c7b00000|  0%| F|  |TAMS 0x00000000c7a00000, 0x00000000c7a00000| Untracked 
|  99|0x00000000c7b00000, 0x00000000c7b00000, 0x00000000c7c00000|  0%| F|  |TAMS 0x00000000c7b00000, 0x00000000c7b00000| Untracked 
| 100|0x00000000c7c00000, 0x00000000c7c00000, 0x00000000c7d00000|  0%| F|  |TAMS 0x00000000c7c00000, 0x00000000c7c00000| Untracked 
| 101|0x00000000c7d00000, 0x00000000c7d00000, 0x00000000c7e00000|  0%| F|  |TAMS 0x00000000c7d00000, 0x00000000c7d00000| Untracked 
| 102|0x00000000c7e00000, 0x00000000c7e00000, 0x00000000c7f00000|  0%| F|  |TAMS 0x00000000c7e00000, 0x00000000c7e00000| Untracked 
| 103|0x00000000c7f00000, 0x00000000c7f00000, 0x00000000c8000000|  0%| F|  |TAMS 0x00000000c7f00000, 0x00000000c7f00000| Untracked 
| 104|0x00000000c8000000, 0x00000000c8000000, 0x00000000c8100000|  0%| F|  |TAMS 0x00000000c8000000, 0x00000000c8000000| Untracked 
| 105|0x00000000c8100000, 0x00000000c8100000, 0x00000000c8200000|  0%| F|  |TAMS 0x00000000c8100000, 0x00000000c8100000| Untracked 
| 106|0x00000000c8200000, 0x00000000c8200000, 0x00000000c8300000|  0%| F|  |TAMS 0x00000000c8200000, 0x00000000c8200000| Untracked 
| 107|0x00000000c8300000, 0x00000000c8300000, 0x00000000c8400000|  0%| F|  |TAMS 0x00000000c8300000, 0x00000000c8300000| Untracked 
| 108|0x00000000c8400000, 0x00000000c8400000, 0x00000000c8500000|  0%| F|  |TAMS 0x00000000c8400000, 0x00000000c8400000| Untracked 
| 109|0x00000000c8500000, 0x00000000c8500000, 0x00000000c8600000|  0%| F|  |TAMS 0x00000000c8500000, 0x00000000c8500000| Untracked 
| 110|0x00000000c8600000, 0x00000000c8600000, 0x00000000c8700000|  0%| F|  |TAMS 0x00000000c8600000, 0x00000000c8600000| Untracked 
| 111|0x00000000c8700000, 0x00000000c8700000, 0x00000000c8800000|  0%| F|  |TAMS 0x00000000c8700000, 0x00000000c8700000| Untracked 
| 112|0x00000000c8800000, 0x00000000c8900000, 0x00000000c8900000|100%| E|  |TAMS 0x00000000c8800000, 0x00000000c8800000| Complete 
| 113|0x00000000c8900000, 0x00000000c8a00000, 0x00000000c8a00000|100%| E|CS|TAMS 0x00000000c8900000, 0x00000000c8900000| Complete 
| 114|0x00000000c8a00000, 0x00000000c8b00000, 0x00000000c8b00000|100%| E|CS|TAMS 0x00000000c8a00000, 0x00000000c8a00000| Complete 
| 115|0x00000000c8b00000, 0x00000000c8c00000, 0x00000000c8c00000|100%| E|CS|TAMS 0x00000000c8b00000, 0x00000000c8b00000| Complete 
| 116|0x00000000c8c00000, 0x00000000c8d00000, 0x00000000c8d00000|100%| E|CS|TAMS 0x00000000c8c00000, 0x00000000c8c00000| Complete 
| 117|0x00000000c8d00000, 0x00000000c8e00000, 0x00000000c8e00000|100%| E|CS|TAMS 0x00000000c8d00000, 0x00000000c8d00000| Complete 
| 118|0x00000000c8e00000, 0x00000000c8f00000, 0x00000000c8f00000|100%| E|CS|TAMS 0x00000000c8e00000, 0x00000000c8e00000| Complete 
| 119|0x00000000c8f00000, 0x00000000c9000000, 0x00000000c9000000|100%| E|CS|TAMS 0x00000000c8f00000, 0x00000000c8f00000| Complete 
| 120|0x00000000c9000000, 0x00000000c9100000, 0x00000000c9100000|100%| E|CS|TAMS 0x00000000c9000000, 0x00000000c9000000| Complete 
| 121|0x00000000c9100000, 0x00000000c9200000, 0x00000000c9200000|100%| E|CS|TAMS 0x00000000c9100000, 0x00000000c9100000| Complete 

Card table byte_map: [0x0000000019580000,0x0000000019780000] _byte_map_base: 0x0000000018f74000

Marking Bits (Prev, Next): (CMBitMap*) 0x00000000004047d0, (CMBitMap*) 0x0000000000404810
 Prev Bits: [0x0000000019980000, 0x000000001a920000)
 Next Bits: [0x000000001a920000, 0x000000001b8c0000)

Polling page: 0x00000000002a0000

Metaspace:

Usage:
  Non-class:     21.03 MB used.
      Class:      3.08 MB used.
       Both:     24.11 MB used.

Virtual space:
  Non-class space:       24.00 MB reserved,      21.19 MB ( 88%) committed,  3 nodes.
      Class space:        1.00 GB reserved,       3.25 MB ( <1%) committed,  1 nodes.
             Both:        1.02 GB reserved,      24.44 MB (  2%) committed. 

Chunk freelists:
   Non-Class:  2.27 MB
       Class:  753.00 KB
        Both:  3.00 MB

MaxMetaspaceSize: unlimited
CompressedClassSpaceSize: 1.00 GB
Initial GC threshold: 21.00 MB
Current GC threshold: 37.50 MB
CDS: on
MetaspaceReclaimPolicy: balanced
 - commit_granule_bytes: 65536.
 - commit_granule_words: 8192.
 - virtual_space_node_default_size: 1048576.
 - enlarge_chunks_in_place: 1.
 - new_chunks_are_fully_committed: 0.
 - uncommit_free_chunks: 1.
 - use_allocation_guard: 0.
 - handle_deallocations: 1.


Internal statistics:

num_allocs_failed_limit: 3.
num_arena_births: 290.
num_arena_deaths: 4.
num_vsnodes_births: 4.
num_vsnodes_deaths: 0.
num_space_committed: 391.
num_space_uncommitted: 0.
num_chunks_returned_to_freelist: 9.
num_chunks_taken_from_freelist: 994.
num_chunk_merges: 4.
num_chunk_splits: 659.
num_chunks_enlarged: 482.
num_purges: 2.
num_inconsistent_stats: 0.

CodeHeap 'non-profiled nmethods': size=120000Kb used=1238Kb max_used=1238Kb free=118761Kb
 bounds [0x0000000011920000, 0x0000000011b90000, 0x0000000018e50000]
CodeHeap 'profiled nmethods': size=120000Kb used=5373Kb max_used=5373Kb free=114626Kb
 bounds [0x000000000a3f0000, 0x000000000a930000, 0x0000000011920000]
CodeHeap 'non-nmethods': size=5760Kb used=1284Kb max_used=1313Kb free=4475Kb
 bounds [0x0000000009e50000, 0x000000000a0c0000, 0x000000000a3f0000]
 total_blobs=3315 nmethods=2719 adapters=508
 compilation: enabled
              stopped_count=0, restarted_count=0
 full_count=0

Compilation events (20 events):
Event: 35.770 Thread 0x000000001e1dd790 2725       3       java.lang.Boolean::hashCode (8 bytes)
Event: 35.770 Thread 0x000000001e1dd790 nmethod 2725 0x000000000a91dd10 code [0x000000000a91dec0, 0x000000000a91e0b8]
Event: 35.770 Thread 0x000000001e1dd790 2726       3       java.util.Collections$UnmodifiableSet::<init> (6 bytes)
Event: 35.771 Thread 0x000000001e1dd790 nmethod 2726 0x000000000a91e190 code [0x000000000a91e340, 0x000000000a91e668]
Event: 35.772 Thread 0x000000001e1dd790 2727       3       java.util.regex.Pattern::atom (422 bytes)
Event: 35.775 Thread 0x000000001e1dd790 nmethod 2727 0x000000000a91e790 code [0x000000000a91eb00, 0x000000000a920248]
Event: 35.788 Thread 0x000000001e1dd790 2728       3       java.net.URI$Parser::scan (76 bytes)
Event: 35.789 Thread 0x000000001e1dd790 nmethod 2728 0x000000000a920910 code [0x000000000a920b40, 0x000000000a9213d8]
Event: 35.790 Thread 0x000000001e1dd790 2729       3       io.netty.util.internal.PlatformDependent::putByte (7 bytes)
Event: 35.790 Thread 0x000000001e1dd790 nmethod 2729 0x000000000a921790 code [0x000000000a921920, 0x000000000a921a28]
Event: 35.790 Thread 0x000000001e1dd790 2730       3       io.netty.util.internal.PlatformDependent0::putByte (10 bytes)
Event: 35.791 Thread 0x000000001e1dd790 nmethod 2730 0x000000000a921b10 code [0x000000000a921ca0, 0x000000000a921e58]
Event: 35.791 Thread 0x000000001e1dd790 2731       3       sun.misc.Unsafe::putByte (11 bytes)
Event: 35.791 Thread 0x000000001e1dd790 nmethod 2731 0x000000000a921f10 code [0x000000000a9220a0, 0x000000000a9221b8]
Event: 35.791 Thread 0x000000001e1dd790 2732       1       io.netty.util.AsciiString::arrayOffset (5 bytes)
Event: 35.791 Thread 0x000000001e1dd790 nmethod 2732 0x0000000011a53a90 code [0x0000000011a53c20, 0x0000000011a53cf8]
Event: 35.791 Thread 0x000000001e1dd790 2733       1       io.netty.handler.codec.CodecOutputList::size (5 bytes)
Event: 35.791 Thread 0x000000001e1dd790 nmethod 2733 0x0000000011a53d90 code [0x0000000011a53f20, 0x0000000011a53ff8]
Event: 35.791 Thread 0x000000001e1dd790 2734       1       io.netty.util.internal.shaded.org.jctools.queues.BaseMpscLinkedArrayQueueConsumerFields::lvConsumerIndex (5 bytes)
Event: 35.791 Thread 0x000000001e1dd790 nmethod 2734 0x0000000011a54090 code [0x0000000011a54220, 0x0000000011a542f8]

GC Heap History (14 events):
Event: 0.619 GC heap before
{Heap before GC invocations=0 (full 0):
 garbage-first heap   total 65536K, used 16384K [0x00000000c1800000, 0x0000000100000000)
  region size 1024K, 13 young (13312K), 0 survivors (0K)
 Metaspace       used 1317K, committed 1408K, reserved 1056768K
  class space    used 117K, committed 192K, reserved 1048576K
}
Event: 0.626 GC heap after
{Heap after GC invocations=1 (full 0):
 garbage-first heap   total 65536K, used 11272K [0x00000000c1800000, 0x0000000100000000)
  region size 1024K, 2 young (2048K), 2 survivors (2048K)
 Metaspace       used 1317K, committed 1408K, reserved 1056768K
  class space    used 117K, committed 192K, reserved 1048576K
}
Event: 1.261 GC heap before
{Heap before GC invocations=1 (full 0):
 garbage-first heap   total 65536K, used 19464K [0x00000000c1800000, 0x0000000100000000)
  region size 1024K, 11 young (11264K), 2 survivors (2048K)
 Metaspace       used 5487K, committed 5632K, reserved 1056768K
  class space    used 588K, committed 640K, reserved 1048576K
}
Event: 1.265 GC heap after
{Heap after GC invocations=2 (full 0):
 garbage-first heap   total 65536K, used 12648K [0x00000000c1800000, 0x0000000100000000)
  region size 1024K, 2 young (2048K), 2 survivors (2048K)
 Metaspace       used 5487K, committed 5632K, reserved 1056768K
  class space    used 588K, committed 640K, reserved 1048576K
}
Event: 1.900 GC heap before
{Heap before GC invocations=2 (full 0):
 garbage-first heap   total 65536K, used 28008K [0x00000000c1800000, 0x0000000100000000)
  region size 1024K, 18 young (18432K), 2 survivors (2048K)
 Metaspace       used 10425K, committed 10624K, reserved 1064960K
  class space    used 1182K, committed 1280K, reserved 1048576K
}
Event: 1.908 GC heap after
{Heap after GC invocations=3 (full 0):
 garbage-first heap   total 65536K, used 14510K [0x00000000c1800000, 0x0000000100000000)
  region size 1024K, 3 young (3072K), 3 survivors (3072K)
 Metaspace       used 10425K, committed 10624K, reserved 1064960K
  class space    used 1182K, committed 1280K, reserved 1048576K
}
Event: 2.852 GC heap before
{Heap before GC invocations=3 (full 0):
 garbage-first heap   total 65536K, used 37038K [0x00000000c1800000, 0x0000000100000000)
  region size 1024K, 26 young (26624K), 3 survivors (3072K)
 Metaspace       used 12527K, committed 12736K, reserved 1064960K
  class space    used 1442K, committed 1536K, reserved 1048576K
}
Event: 2.866 GC heap after
{Heap after GC invocations=4 (full 0):
 garbage-first heap   total 65536K, used 17469K [0x00000000c1800000, 0x0000000100000000)
  region size 1024K, 4 young (4096K), 4 survivors (4096K)
 Metaspace       used 12527K, committed 12736K, reserved 1064960K
  class space    used 1442K, committed 1536K, reserved 1048576K
}
Event: 3.602 GC heap before
{Heap before GC invocations=4 (full 0):
 garbage-first heap   total 65536K, used 36925K [0x00000000c1800000, 0x0000000100000000)
  region size 1024K, 24 young (24576K), 4 survivors (4096K)
 Metaspace       used 18782K, committed 19008K, reserved 1073152K
  class space    used 2270K, committed 2368K, reserved 1048576K
}
Event: 3.612 GC heap after
{Heap after GC invocations=5 (full 0):
 garbage-first heap   total 65536K, used 19264K [0x00000000c1800000, 0x0000000100000000)
  region size 1024K, 2 young (2048K), 2 survivors (2048K)
 Metaspace       used 18782K, committed 19008K, reserved 1073152K
  class space    used 2270K, committed 2368K, reserved 1048576K
}
Event: 4.430 GC heap before
{Heap before GC invocations=5 (full 0):
 garbage-first heap   total 65536K, used 30528K [0x00000000c1800000, 0x0000000100000000)
  region size 1024K, 15 young (15360K), 2 survivors (2048K)
 Metaspace       used 21204K, committed 21504K, reserved 1073152K
  class space    used 2660K, committed 2752K, reserved 1048576K
}
Event: 4.435 GC heap after
{Heap after GC invocations=6 (full 0):
 garbage-first heap   total 78848K, used 19865K [0x00000000c1800000, 0x0000000100000000)
  region size 1024K, 3 young (3072K), 3 survivors (3072K)
 Metaspace       used 21204K, committed 21504K, reserved 1073152K
  class space    used 2660K, committed 2752K, reserved 1048576K
}
Event: 4.784 GC heap before
{Heap before GC invocations=7 (full 0):
 garbage-first heap   total 78848K, used 43417K [0x00000000c1800000, 0x0000000100000000)
  region size 1024K, 11 young (11264K), 3 survivors (3072K)
 Metaspace       used 22738K, committed 22976K, reserved 1073152K
  class space    used 2890K, committed 3008K, reserved 1048576K
}
Event: 4.790 GC heap after
{Heap after GC invocations=8 (full 0):
 garbage-first heap   total 78848K, used 37981K [0x00000000c1800000, 0x0000000100000000)
  region size 1024K, 3 young (3072K), 3 survivors (3072K)
 Metaspace       used 22738K, committed 22976K, reserved 1073152K
  class space    used 2890K, committed 3008K, reserved 1048576K
}

Deoptimization events (20 events):
Event: 34.823 Thread 0x000000002165d460 DEOPT PACKING pc=0x00000000119cc43c sp=0x000000002319c540
Event: 34.823 Thread 0x000000002165d460 DEOPT UNPACKING pc=0x0000000009ea23a3 sp=0x000000002319c508 mode 2
Event: 34.840 Thread 0x000000002165d460 Uncommon trap: trap_request=0xffffff45 fr.pc=0x00000000119d1b8c relative=0x000000000000008c
Event: 34.840 Thread 0x000000002165d460 Uncommon trap: reason=unstable_if action=reinterpret pc=0x00000000119d1b8c method=java.lang.Math.floorMod(JJ)J @ 10 c2
Event: 34.840 Thread 0x000000002165d460 DEOPT PACKING pc=0x00000000119d1b8c sp=0x000000002319ce70
Event: 34.840 Thread 0x000000002165d460 DEOPT UNPACKING pc=0x0000000009ea23a3 sp=0x000000002319ce00 mode 2
Event: 34.926 Thread 0x0000000021665e60 Uncommon trap: trap_request=0xffffffde fr.pc=0x0000000011a2b6ac relative=0x000000000000010c
Event: 34.927 Thread 0x0000000021665e60 Uncommon trap: reason=class_check action=maybe_recompile pc=0x0000000011a2b6ac method=org.openqa.selenium.json.Input.fill()Z @ 85 c2
Event: 34.938 Thread 0x0000000021665e60 DEOPT PACKING pc=0x0000000011a2b6ac sp=0x000000002334d620
Event: 34.939 Thread 0x0000000021665e60 DEOPT UNPACKING pc=0x0000000009ea23a3 sp=0x000000002334d5a0 mode 2
Event: 35.134 Thread 0x000000002165c790 DEOPT PACKING pc=0x000000000a788508 sp=0x0000000022f6d230
Event: 35.134 Thread 0x000000002165c790 DEOPT UNPACKING pc=0x0000000009ea2b43 sp=0x0000000022f6c738 mode 0
Event: 35.362 Thread 0x000000002165d460 Uncommon trap: trap_request=0xffffffde fr.pc=0x0000000011a2b6ac relative=0x000000000000010c
Event: 35.362 Thread 0x000000002165d460 Uncommon trap: reason=class_check action=maybe_recompile pc=0x0000000011a2b6ac method=org.openqa.selenium.json.Input.fill()Z @ 85 c2
Event: 35.365 Thread 0x000000002165d460 DEOPT PACKING pc=0x0000000011a2b6ac sp=0x000000002319d8f0
Event: 35.365 Thread 0x000000002165d460 DEOPT UNPACKING pc=0x0000000009ea23a3 sp=0x000000002319d870 mode 2
Event: 35.728 Thread 0x0000000021f48b50 Uncommon trap: trap_request=0xffffff45 fr.pc=0x00000000119cb72c relative=0x00000000000001ac
Event: 35.728 Thread 0x0000000021f48b50 Uncommon trap: reason=unstable_if action=reinterpret pc=0x00000000119cb72c method=java.io.ByteArrayInputStream.read()I @ 8 c2
Event: 35.728 Thread 0x0000000021f48b50 DEOPT PACKING pc=0x00000000119cb72c sp=0x00000000275ff040
Event: 35.728 Thread 0x0000000021f48b50 DEOPT UNPACKING pc=0x0000000009ea23a3 sp=0x00000000275feff8 mode 2

Classes unloaded (2 events):
Event: 4.466 Thread 0x000000001e1b2220 Unloading class 0x0000000800d39400 'java/lang/invoke/LambdaForm$DMH+0x0000000800d39400'
Event: 4.466 Thread 0x000000001e1b2220 Unloading class 0x0000000800d38800 'java/lang/invoke/LambdaForm$DMH+0x0000000800d38800'

Classes redefined (0 events):
No events

Internal exceptions (20 events):
Event: 4.203 Thread 0x000000002165d460 Exception <a 'java/lang/NoSuchMethodError'{0x00000000c55f4da0}: 'double java.lang.invoke.DirectMethodHandle$Holder.invokeVirtual(java.lang.Object, java.lang.Object)'> (0x00000000c55f4da0) 
thrown [t:\workspace\open\src\hotspot\share\interpreter\linkResolver.cpp, line 766]
Event: 4.203 Thread 0x000000002165c790 Exception <a 'java/lang/NoSuchMethodError'{0x00000000c55e2c10}: 'double java.lang.invoke.DirectMethodHandle$Holder.invokeVirtual(java.lang.Object, java.lang.Object)'> (0x00000000c55e2c10) 
thrown [t:\workspace\open\src\hotspot\share\interpreter\linkResolver.cpp, line 766]
Event: 4.203 Thread 0x0000000021665e60 Exception <a 'java/lang/NoSuchMethodError'{0x00000000c5754810}: 'double java.lang.invoke.DirectMethodHandle$Holder.invokeVirtual(java.lang.Object, java.lang.Object)'> (0x00000000c5754810) 
thrown [t:\workspace\open\src\hotspot\share\interpreter\linkResolver.cpp, line 766]
Event: 4.204 Thread 0x0000000021665e60 Exception <a 'java/lang/NoSuchMethodError'{0x00000000c575a860}: 'float java.lang.invoke.DirectMethodHandle$Holder.invokeVirtual(java.lang.Object, java.lang.Object)'> (0x00000000c575a860) 
thrown [t:\workspace\open\src\hotspot\share\interpreter\linkResolver.cpp, line 766]
Event: 4.205 Thread 0x000000002165c790 Exception <a 'java/lang/NoSuchMethodError'{0x00000000c55e8e68}: 'float java.lang.invoke.DirectMethodHandle$Holder.invokeVirtual(java.lang.Object, java.lang.Object)'> (0x00000000c55e8e68) 
thrown [t:\workspace\open\src\hotspot\share\interpreter\linkResolver.cpp, line 766]
Event: 4.205 Thread 0x000000002165d460 Exception <a 'java/lang/NoSuchMethodError'{0x00000000c55fb140}: 'float java.lang.invoke.DirectMethodHandle$Holder.invokeVirtual(java.lang.Object, java.lang.Object)'> (0x00000000c55fb140) 
thrown [t:\workspace\open\src\hotspot\share\interpreter\linkResolver.cpp, line 766]
Event: 4.207 Thread 0x000000002165c790 Exception <a 'java/lang/NoSuchMethodError'{0x00000000c55eee48}: 'long java.lang.invoke.DirectMethodHandle$Holder.invokeVirtual(java.lang.Object, java.lang.Object)'> (0x00000000c55eee48) 
thrown [t:\workspace\open\src\hotspot\share\interpreter\linkResolver.cpp, line 766]
Event: 4.259 Thread 0x000000002165d460 Exception <a 'java/lang/NoSuchMethodError'{0x00000000c521f420}: 'void java.lang.invoke.DirectMethodHandle$Holder.invokeStatic(java.lang.Object, java.lang.Object, int)'> (0x00000000c521f420) 
thrown [t:\workspace\open\src\hotspot\share\interpreter\linkResolver.cpp, line 766]
Event: 4.259 Thread 0x0000000021665e60 Exception <a 'java/lang/NoSuchMethodError'{0x00000000c53a1078}: 'void java.lang.invoke.DirectMethodHandle$Holder.invokeStatic(java.lang.Object, java.lang.Object, int)'> (0x00000000c53a1078) 
thrown [t:\workspace\open\src\hotspot\share\interpreter\linkResolver.cpp, line 766]
Event: 4.259 Thread 0x000000002165c790 Exception <a 'java/lang/NoSuchMethodError'{0x00000000c53ff3e8}: 'void java.lang.invoke.DirectMethodHandle$Holder.invokeStatic(java.lang.Object, java.lang.Object, int)'> (0x00000000c53ff3e8) 
thrown [t:\workspace\open\src\hotspot\share\interpreter\linkResolver.cpp, line 766]
Event: 4.288 Thread 0x0000000021665e60 Exception <a 'java/lang/NoSuchMethodError'{0x00000000c52e7970}: 'java.lang.Object java.lang.invoke.DirectMethodHandle$Holder.newInvokeSpecial(java.lang.Object, java.lang.Object, java.lang.Object, java.lang.Object, java.lang.Object)'> (0x00000000c52e7970) 
thrown [t:\workspace\open\src\hotspot\share\interpreter\linkResolver.cpp, line 766]
Event: 4.288 Thread 0x000000002165c790 Exception <a 'java/lang/NoSuchMethodError'{0x00000000c5149be8}: 'java.lang.Object java.lang.invoke.DirectMethodHandle$Holder.newInvokeSpecial(java.lang.Object, java.lang.Object, java.lang.Object, java.lang.Object, java.lang.Object)'> (0x00000000c5149be8) 
thrown [t:\workspace\open\src\hotspot\share\interpreter\linkResolver.cpp, line 766]
Event: 4.289 Thread 0x000000002165d460 Exception <a 'java/lang/NoSuchMethodError'{0x00000000c51334d0}: 'java.lang.Object java.lang.invoke.DirectMethodHandle$Holder.newInvokeSpecial(java.lang.Object, java.lang.Object, java.lang.Object, java.lang.Object, java.lang.Object)'> (0x00000000c51334d0) 
thrown [t:\workspace\open\src\hotspot\share\interpreter\linkResolver.cpp, line 766]
Event: 4.320 Thread 0x000000002165d460 Exception <a 'java/lang/NoSuchMethodError'{0x00000000c5064a70}: 'int java.lang.invoke.DirectMethodHandle$Holder.invokeSpecialIFC(java.lang.Object, java.lang.Object, java.lang.Object)'> (0x00000000c5064a70) 
thrown [t:\workspace\open\src\hotspot\share\interpreter\linkResolver.cpp, line 766]
Event: 4.320 Thread 0x000000002165c790 Exception <a 'java/lang/NoSuchMethodError'{0x00000000c50b7410}: 'int java.lang.invoke.DirectMethodHandle$Holder.invokeSpecialIFC(java.lang.Object, java.lang.Object, java.lang.Object)'> (0x00000000c50b7410) 
thrown [t:\workspace\open\src\hotspot\share\interpreter\linkResolver.cpp, line 766]
Event: 4.320 Thread 0x0000000021665e60 Exception <a 'java/lang/NoSuchMethodError'{0x00000000c51c27e8}: 'int java.lang.invoke.DirectMethodHandle$Holder.invokeSpecialIFC(java.lang.Object, java.lang.Object, java.lang.Object)'> (0x00000000c51c27e8) 
thrown [t:\workspace\open\src\hotspot\share\interpreter\linkResolver.cpp, line 766]
Event: 4.365 Thread 0x000000002165c790 Exception <a 'java/lang/NoSuchMethodError'{0x00000000c4eef048}: 'java.lang.Object java.lang.invoke.DirectMethodHandle$Holder.newInvokeSpecial(java.lang.Object, java.lang.Object, java.lang.Object, java.lang.Object, int, long)'> (0x00000000c4eef048) 
thrown [t:\workspace\open\src\hotspot\share\interpreter\linkResolver.cpp, line 766]
Event: 4.460 Thread 0x0000000021665e60 Exception <a 'java/lang/NoSuchMethodError'{0x00000000c64d8f80}: 'void java.lang.invoke.DirectMethodHandle$Holder.invokeSpecial(java.lang.Object, java.lang.Object, java.lang.Object, java.lang.Object, java.lang.Object, java.lang.Object)'> (0x00000000c64d8f80) 
thrown [t:\workspace\open\src\hotspot\share\interpreter\linkResolver.cpp, line 766]
Event: 34.763 Thread 0x000000002165d460 Exception <a 'java/lang/NoSuchMethodError'{0x00000000c8f31a20}: 'java.lang.Object java.lang.invoke.DirectMethodHandle$Holder.invokeSpecialIFC(java.lang.Object, java.lang.Object, java.lang.Object)'> (0x00000000c8f31a20) 
thrown [t:\workspace\open\src\hotspot\share\interpreter\linkResolver.cpp, line 766]
Event: 34.874 Thread 0x000000002165d460 Exception <a 'java/lang/ClassNotFoundException'{0x00000000c8e115f0}: sun/util/logging/resources/spi/loggingProvider> (0x00000000c8e115f0) 
thrown [t:\workspace\open\src\hotspot\share\classfile\systemDictionary.cpp, line 256]

VM Operations (20 events):
Event: 4.189 Executing VM operation: HandshakeAllThreads
Event: 4.189 Executing VM operation: HandshakeAllThreads done
Event: 4.379 Executing VM operation: HandshakeAllThreads
Event: 4.379 Executing VM operation: HandshakeAllThreads done
Event: 4.430 Executing VM operation: CollectForMetadataAllocation
Event: 4.435 Executing VM operation: CollectForMetadataAllocation done
Event: 4.466 Executing VM operation: G1Concurrent
Event: 4.471 Executing VM operation: G1Concurrent done
Event: 4.483 Executing VM operation: G1Concurrent
Event: 4.483 Executing VM operation: G1Concurrent done
Event: 4.774 Executing VM operation: G1TryInitiateConcMark
Event: 4.791 Executing VM operation: G1TryInitiateConcMark done
Event: 4.824 Executing VM operation: G1Concurrent
Event: 4.826 Executing VM operation: G1Concurrent done
Event: 4.840 Executing VM operation: G1Concurrent
Event: 4.840 Executing VM operation: G1Concurrent done
Event: 34.849 Executing VM operation: Cleanup
Event: 34.866 Executing VM operation: Cleanup done
Event: 35.669 Executing VM operation: ICBufferFull
Event: 35.681 Executing VM operation: ICBufferFull done

Events (20 events):
Event: 35.207 loading class java/util/concurrent/ConcurrentLinkedDeque$Itr done
Event: 35.226 Thread 0x0000000021f481b0 Thread added: 0x0000000021f481b0
Event: 35.259 Thread 0x0000000021f494f0 Thread added: 0x0000000021f494f0
Event: 35.313 Thread 0x0000000021f499c0 Thread added: 0x0000000021f499c0
Event: 35.375 loading class java/util/concurrent/locks/ReentrantReadWriteLock$FairSync
Event: 35.375 loading class java/util/concurrent/locks/ReentrantReadWriteLock$FairSync done
Event: 35.406 loading class java/util/Base64
Event: 35.407 loading class java/util/Base64 done
Event: 35.407 loading class java/util/Base64$Encoder
Event: 35.408 loading class java/util/Base64$Encoder done
Event: 35.412 Thread 0x0000000021fd9460 Thread added: 0x0000000021fd9460
Event: 35.415 loading class java/util/concurrent/CompletableFuture$UniExceptionally
Event: 35.415 loading class java/util/concurrent/CompletableFuture$UniCompletion
Event: 35.415 loading class java/util/concurrent/CompletableFuture$UniCompletion done
Event: 35.415 loading class java/util/concurrent/CompletableFuture$UniExceptionally done
Event: 35.453 Thread 0x0000000021fd9930 Thread added: 0x0000000021fd9930
Event: 35.636 loading class java/util/stream/SortedOps$SizedRefSortingSink
Event: 35.636 loading class java/util/stream/SortedOps$AbstractRefSortingSink
Event: 35.636 loading class java/util/stream/SortedOps$AbstractRefSortingSink done
Event: 35.636 loading class java/util/stream/SortedOps$SizedRefSortingSink done


Dynamic libraries:
0x000000013ffa0000 - 0x000000013ffb0000 	C:\Program Files\Java\jdk-17.0.2\bin\javaw.exe
0x0000000077ae0000 - 0x0000000077c7f000 	C:\Windows\SYSTEM32\ntdll.dll
0x00000000778c0000 - 0x00000000779df000 	C:\Windows\system32\kernel32.dll
0x000007fefda30000 - 0x000007fefda9a000 	C:\Windows\system32\KERNELBASE.dll
0x000007feec830000 - 0x000007feec848000 	C:\Program Files\Java\jdk-17.0.2\bin\jli.dll
0x000007fefe090000 - 0x000007fefe16b000 	C:\Windows\system32\ADVAPI32.dll
0x000007fefefd0000 - 0x000007feff06f000 	C:\Windows\system32\msvcrt.dll
0x000007feff880000 - 0x000007feff89f000 	C:\Windows\SYSTEM32\sechost.dll
0x000007feff070000 - 0x000007feff19c000 	C:\Windows\system32\RPCRT4.dll
0x000007fefc2a0000 - 0x000007fefc494000 	C:\Windows\WinSxS\amd64_microsoft.windows.common-controls_6595b64144ccf1df_6.0.7601.18837_none_fa3b1e3d17594757\COMCTL32.dll
0x000007fefe000000 - 0x000007fefe067000 	C:\Windows\system32\GDI32.dll
0x00000000779e0000 - 0x0000000077ada000 	C:\Windows\system32\USER32.dll
0x000007feff600000 - 0x000007feff60e000 	C:\Windows\system32\LPK.dll
0x000007fefe170000 - 0x000007fefe23b000 	C:\Windows\system32\USP10.dll
0x000007feffd50000 - 0x000007feffdc1000 	C:\Windows\system32\SHLWAPI.dll
0x000007fefc960000 - 0x000007fefc96c000 	C:\Windows\system32\VERSION.dll
0x000007feec810000 - 0x000007feec82a000 	C:\Program Files\Java\jdk-17.0.2\bin\VCRUNTIME140.dll
0x000007feec800000 - 0x000007feec804000 	C:\Program Files\Java\jdk-17.0.2\bin\api-ms-win-crt-runtime-l1-1-0.dll
0x000007feec700000 - 0x000007feec7fa000 	C:\Program Files\Java\jdk-17.0.2\bin\ucrtbase.DLL
0x000007feec6f0000 - 0x000007feec6f3000 	C:\Program Files\Java\jdk-17.0.2\bin\api-ms-win-core-localization-l1-2-0.dll
0x000007feec6e0000 - 0x000007feec6e3000 	C:\Program Files\Java\jdk-17.0.2\bin\api-ms-win-core-processthreads-l1-1-1.dll
0x000007feec6d0000 - 0x000007feec6d3000 	C:\Program Files\Java\jdk-17.0.2\bin\api-ms-win-core-file-l1-2-0.dll
0x000007feec6c0000 - 0x000007feec6c3000 	C:\Program Files\Java\jdk-17.0.2\bin\api-ms-win-core-timezone-l1-1-0.dll
0x000007feec6b0000 - 0x000007feec6b3000 	C:\Program Files\Java\jdk-17.0.2\bin\api-ms-win-core-file-l2-1-0.dll
0x000007feec6a0000 - 0x000007feec6a3000 	C:\Program Files\Java\jdk-17.0.2\bin\api-ms-win-core-synch-l1-2-0.dll
0x000007feec690000 - 0x000007feec693000 	C:\Program Files\Java\jdk-17.0.2\bin\api-ms-win-crt-heap-l1-1-0.dll
0x000007feec680000 - 0x000007feec684000 	C:\Program Files\Java\jdk-17.0.2\bin\api-ms-win-crt-string-l1-1-0.dll
0x000007feec670000 - 0x000007feec674000 	C:\Program Files\Java\jdk-17.0.2\bin\api-ms-win-crt-stdio-l1-1-0.dll
0x000007feec660000 - 0x000007feec664000 	C:\Program Files\Java\jdk-17.0.2\bin\api-ms-win-crt-convert-l1-1-0.dll
0x000007feec650000 - 0x000007feec653000 	C:\Program Files\Java\jdk-17.0.2\bin\api-ms-win-crt-environment-l1-1-0.dll
0x000007feec640000 - 0x000007feec643000 	C:\Program Files\Java\jdk-17.0.2\bin\api-ms-win-crt-filesystem-l1-1-0.dll
0x000007feec630000 - 0x000007feec635000 	C:\Program Files\Java\jdk-17.0.2\bin\api-ms-win-crt-math-l1-1-0.dll
0x000007feec620000 - 0x000007feec623000 	C:\Program Files\Java\jdk-17.0.2\bin\api-ms-win-crt-locale-l1-1-0.dll
0x000007feff840000 - 0x000007feff86e000 	C:\Windows\system32\IMM32.DLL
0x000007feff6b0000 - 0x000007feff7b9000 	C:\Windows\system32\MSCTF.dll
0x000007feec610000 - 0x000007feec61c000 	C:\Program Files\Java\jdk-17.0.2\bin\vcruntime140_1.dll
0x000007feec580000 - 0x000007feec60d000 	C:\Program Files\Java\jdk-17.0.2\bin\msvcp140.dll
0x000007feec570000 - 0x000007feec573000 	C:\Program Files\Java\jdk-17.0.2\bin\api-ms-win-crt-time-l1-1-0.dll
0x000007feec560000 - 0x000007feec563000 	C:\Program Files\Java\jdk-17.0.2\bin\api-ms-win-crt-utility-l1-1-0.dll
0x000007feeb990000 - 0x000007feec551000 	C:\Program Files\Java\jdk-17.0.2\bin\server\jvm.dll
0x000007feeb980000 - 0x000007feeb989000 	C:\Windows\system32\WSOCK32.dll
0x000007fefdf10000 - 0x000007fefdf5d000 	C:\Windows\system32\WS2_32.dll
0x000007feff870000 - 0x000007feff878000 	C:\Windows\system32\NSI.dll
0x000007fefb390000 - 0x000007fefb3cb000 	C:\Windows\system32\WINMM.dll
0x0000000077c80000 - 0x0000000077c87000 	C:\Windows\system32\PSAPI.DLL
0x000007feeb970000 - 0x000007feeb97a000 	C:\Program Files\Java\jdk-17.0.2\bin\jimage.dll
0x000007feee370000 - 0x000007feee495000 	C:\Windows\system32\DBGHELP.DLL
0x000007feeb940000 - 0x000007feeb965000 	C:\Program Files\Java\jdk-17.0.2\bin\java.dll
0x000007feeb860000 - 0x000007feeb936000 	C:\Program Files\Java\jdk-17.0.2\bin\jsvml.dll
0x000007fefe240000 - 0x000007fefefca000 	C:\Windows\system32\SHELL32.dll
0x000007feff400000 - 0x000007feff5fc000 	C:\Windows\system32\ole32.dll
0x000007fefd880000 - 0x000007fefd88f000 	C:\Windows\system32\profapi.dll
0x000007feeb840000 - 0x000007feeb859000 	C:\Program Files\Java\jdk-17.0.2\bin\net.dll
0x000007fef9b20000 - 0x000007fef9b91000 	C:\Windows\system32\WINHTTP.dll
0x000007fef9ab0000 - 0x000007fef9b15000 	C:\Windows\system32\webio.dll
0x000007fefd000000 - 0x000007fefd055000 	C:\Windows\system32\mswsock.dll
0x000007fefcff0000 - 0x000007fefcff7000 	C:\Windows\System32\wship6.dll
0x000007feeb820000 - 0x000007feeb836000 	C:\Program Files\Java\jdk-17.0.2\bin\nio.dll
0x000007feeb800000 - 0x000007feeb818000 	C:\Program Files\Java\jdk-17.0.2\bin\zip.dll
0x000007fefca30000 - 0x000007fefca37000 	C:\Windows\System32\wshtcpip.dll
0x000007fefce80000 - 0x000007fefcedb000 	C:\Windows\system32\DNSAPI.dll
0x000007fefabb0000 - 0x000007fefabd7000 	C:\Windows\system32\IPHLPAPI.DLL
0x000007fefaba0000 - 0x000007fefabab000 	C:\Windows\system32\WINNSI.DLL
0x000007fef8f20000 - 0x000007fef8f28000 	C:\Windows\system32\rasadhlp.dll
0x000007fefaa50000 - 0x000007fefaaa3000 	C:\Windows\System32\fwpuclnt.dll
0x000007fefd060000 - 0x000007fefd078000 	C:\Windows\system32\CRYPTSP.dll
0x000007fefcd20000 - 0x000007fefcd67000 	C:\Windows\system32\rsaenh.dll
0x000007fefdab0000 - 0x000007fefdace000 	C:\Windows\system32\USERENV.dll
0x000007fefd720000 - 0x000007fefd72f000 	C:\Windows\system32\CRYPTBASE.dll
0x000007fefa9a0000 - 0x000007fefa9b1000 	C:\Windows\system32\dhcpcsvc6.DLL
0x000007fefa980000 - 0x000007fefa998000 	C:\Windows\system32\dhcpcsvc.DLL
0x000007feeb7d0000 - 0x000007feeb7e0000 	C:\Program Files\Java\jdk-17.0.2\bin\verify.dll
0x000007fef8850000 - 0x000007fef885e000 	C:\Program Files\Java\jdk-17.0.2\bin\sunmscapi.dll
0x000007fefd8c0000 - 0x000007fefda2d000 	C:\Windows\system32\CRYPT32.dll
0x000007fefd890000 - 0x000007fefd89f000 	C:\Windows\system32\MSASN1.dll
0x000007fefd230000 - 0x000007fefd280000 	C:\Windows\system32\ncrypt.dll
0x000007fefd200000 - 0x000007fefd222000 	C:\Windows\system32\bcrypt.dll
0x000007fef6670000 - 0x000007fef6679000 	C:\Program Files\Java\jdk-17.0.2\bin\management.dll
0x000007feedcd0000 - 0x000007feedcdb000 	C:\Program Files\Java\jdk-17.0.2\bin\management_ext.dll
0x000007fefd6c0000 - 0x000007fefd717000 	C:\Windows\system32\apphelp.dll
0x000007fefb260000 - 0x000007fefb275000 	C:\Windows\system32\NLAapi.dll
0x000007fef8800000 - 0x000007fef8815000 	C:\Windows\system32\napinsp.dll
0x000007fef87e0000 - 0x000007fef87f9000 	C:\Windows\system32\pnrpnsp.dll
0x000007fef87d0000 - 0x000007fef87e0000 	C:\Windows\system32\wshbth.dll
0x000007fef8880000 - 0x000007fef888b000 	C:\Windows\System32\winrnr.dll

dbghelp: loaded successfully - version: 4.0.5 - missing functions: none
symbol engine: initialized successfully - sym options: 0x614 - pdb path: .;C:\Program Files\Java\jdk-17.0.2\bin;C:\Windows\SYSTEM32;C:\Windows\WinSxS\amd64_microsoft.windows.common-controls_6595b64144ccf1df_6.0.7601.18837_none_fa3b1e3d17594757;C:\Program Files\Java\jdk-17.0.2\bin\server

VM Arguments:
jvm_args: -ea -Dfile.encoding=Cp1252 -XX:+ShowCodeDetailsInExceptionMessages 
java_command: org.testng.remote.RemoteTestNG -serport 58230 -protocol json -d C:\Users\hp\eclipse-workspace\myproject1\test-output C:\Users\hp\eclipse-workspace\myproject1\testng1.xml
java_class_path (initial): C:\Users\hp\eclipse\java-2022-03\eclipse\configuration\org.eclipse.osgi\444\0\.cp\lib\testng-remote.jar;C:\Users\hp\eclipse-workspace\myproject1\target\test-classes;C:\Users\hp\eclipse-workspace\myproject1\target\classes;C:\Users\hp\Desktop\Driver\Apache POI\poi-bin-5.2.3\poi-5.2.3.jar;C:\Users\hp\Desktop\Driver\Apache POI\poi-bin-5.2.3\poi-examples-5.2.3.jar;C:\Users\hp\Desktop\Driver\Apache POI\poi-bin-5.2.3\poi-excelant-5.2.3.jar;C:\Users\hp\Desktop\Driver\Apache POI\poi-bin-5.2.3\poi-javadoc-5.2.3.jar;C:\Users\hp\Desktop\Driver\Apache POI\poi-bin-5.2.3\poi-ooxml-5.2.3.jar;C:\Users\hp\Desktop\Driver\Apache POI\poi-bin-5.2.3\poi-ooxml-full-5.2.3.jar;C:\Users\hp\Desktop\Driver\Apache POI\poi-bin-5.2.3\poi-ooxml-lite-5.2.3.jar;C:\Users\hp\Desktop\Driver\Apache POI\poi-bin-5.2.3\poi-scratchpad-5.2.3.jar;C:\Users\hp\Desktop\Driver\Apache POI\poi-bin-5.2.3\ooxml-lib\commons-compress-1.21.jar;C:\Users\hp\Desktop\Driver\Apache POI\poi-bin-5.2.3\ooxml-lib\commons-logging-1.2.jar;C:\Users\hp\Desktop\Driver\Apache POI\poi-bin-5.2.3\ooxml-lib\curvesapi-1.07.jar;C:\Users\hp\Desktop\Driver\Apache POI\poi-bin-5.2.3\ooxml-lib\jakarta.activation-2.0.1.jar;C:\Users\hp\Desktop\Driver\Apache POI\poi-bin-5.2.3\ooxml-lib\jakarta.xml.bind-api-3.0.1.jar;C:\Users\hp\Desktop\Driver\Apache POI\poi-bin-5.2.3\ooxml-lib\slf4j-api-1.7.36.jar;C:\Users\hp\Desktop\Driver\Apache POI\poi-bin-5.2.3\ooxml-lib\xmlbeans-5.1.1.jar;C:\Users\hp\Desktop\Driver\Apache POI\poi-bin-5.2.3\lib\commons-codec-1.15.jar;C:\Users\hp\Desktop\Driver\Apache POI\poi-bin-5.2.3\lib\commons-collections4-4.4.jar;C:\Users\hp\Desktop\Driver\Apache POI\poi-bin-5.2.3\lib\commons-io-2.11.0.jar;C:\Users\hp\Desktop\Driver\Apache POI\poi-bin-5.2.3\lib\commons-math3-3.6.1.jar;C:\Users\hp\Desktop\Driver\Apache POI\poi-bin-5.2.3\lib\log4j-api-2.18.0.jar;C:\Users\hp\Desktop\Driver\Apache POI\poi-bin-5.2.3\lib\SparseBitSet-1.2.jar;C:\Users\hp\Desktop\Driver\Apache POI\poi-bin-5.2.3\auxiliary\batik-anim-1.14.
Launcher Type: SUN_STANDARD

[Global flags]
     intx CICompilerCount                          = 3                                         {product} {ergonomic}
     uint ConcGCThreads                            = 1                                         {product} {ergonomic}
     uint G1ConcRefinementThreads                  = 4                                         {product} {ergonomic}
   size_t G1HeapRegionSize                         = 1048576                                   {product} {ergonomic}
    uintx GCDrainStackTargetSize                   = 64                                        {product} {ergonomic}
   size_t InitialHeapSize                          = 67108864                                  {product} {ergonomic}
   size_t MarkStackSize                            = 4194304                                   {product} {ergonomic}
   size_t MaxHeapSize                              = 1048576000                                {product} {ergonomic}
   size_t MaxNewSize                               = 629145600                                 {product} {ergonomic}
   size_t MinHeapDeltaBytes                        = 1048576                                   {product} {ergonomic}
   size_t MinHeapSize                              = 8388608                                   {product} {ergonomic}
    uintx NonNMethodCodeHeapSize                   = 5832780                                {pd product} {ergonomic}
    uintx NonProfiledCodeHeapSize                  = 122912730                              {pd product} {ergonomic}
    uintx ProfiledCodeHeapSize                     = 122912730                              {pd product} {ergonomic}
    uintx ReservedCodeCacheSize                    = 251658240                              {pd product} {ergonomic}
     bool SegmentedCodeCache                       = true                                      {product} {ergonomic}
     bool ShowCodeDetailsInExceptionMessages       = true                                   {manageable} {command line}
   size_t SoftMaxHeapSize                          = 1048576000                             {manageable} {ergonomic}
     bool UseCompressedClassPointers               = true                           {product lp64_product} {ergonomic}
     bool UseCompressedOops                        = true                           {product lp64_product} {ergonomic}
     bool UseG1GC                                  = true                                      {product} {ergonomic}
     bool UseLargePagesIndividualAllocation        = false                                  {pd product} {ergonomic}

Logging:
Log output configuration:
 #0: stdout all=warning uptime,level,tags
 #1: stderr all=off uptime,level,tags

Environment Variables:
JAVA_HOME=C:\Program Files\Java\jdk-17.0.2\
PATH=C:\Program Files\Common Files\Oracle\Java\javapath;C:\Program Files\Java\jdk-17.0.2\\bin;C:\strawberry\c\bin;C:\strawberry\perl\bin
USERNAME=hp
OS=Windows_NT
PROCESSOR_IDENTIFIER=Intel64 Family 6 Model 58 Stepping 9, GenuineIntel



---------------  S Y S T E M  ---------------

OS:
 Windows 7 , 64 bit Build 7601 (6.1.7601.24384)
OS uptime: 0 days 1:40 hours

CPU: total 4 (initial active 4) (2 cores per cpu, 2 threads per core) family 6 model 58 stepping 9 microcode 0x0, cx8, cmov, fxsr, ht, mmx, sse, sse2, sse3, ssse3, sse4.1, sse4.2, popcnt, tsc, tscinvbit, avx, erms, clmul, vzeroupper, clflush

Memory: 4k page, system-wide physical 3994M (276M free)
TotalPageFile size 8845M (AvailPageFile size 45M)
current process WorkingSet (physical memory assigned to process): 335M, peak: 335M
current process commit charge ("private bytes"): 398M, peak: 399M

vm_info: Java HotSpot(TM) 64-Bit Server VM (17.0.2+8-LTS-86) for windows-amd64 JRE (17.0.2+8-LTS-86), built on Dec  7 2021 21:51:03 by "mach5one" with MS VC++ 16.8 / 16.9 (VS2019)

END.
